<?xml version="1.0" encoding="UTF-8"?>
<testng-results skipped="0" failed="0" ignored="0" total="1" passed="1">
  <reporter-output>
  </reporter-output>
  <suite name="Default suite" duration-ms="1431" started-at="2022-12-29T15:08:54 IST" finished-at="2022-12-29T15:08:55 IST">
    <groups>
      <group name="cucumber">
        <method signature="AbstractTestNGCucumberTests.runScenario(io.cucumber.testng.PickleWrapper,io.cucumber.testng.FeatureWrapper)[pri:0, instance:runner.Run1@365185bd]" name="runScenario" class="io.cucumber.testng.AbstractTestNGCucumberTests"/>
      </group> <!-- cucumber -->
    </groups>
    <test name="Default test" duration-ms="1431" started-at="2022-12-29T15:08:54 IST" finished-at="2022-12-29T15:08:55 IST">
      <class name="runner.Run1">
        <test-method status="PASS" signature="setUpClass(org.testng.ITestContext)[pri:0, instance:runner.Run1@365185bd]" name="setUpClass" is-config="true" duration-ms="1087" started-at="2022-12-29T15:08:54 IST" finished-at="2022-12-29T15:08:55 IST">
          <params>
            <param index="0">
              <value>
                <![CDATA[org.testng.TestRunner@4b213651]]>
              </value>
            </param>
          </params>
          <reporter-output>
          </reporter-output>
        </test-method> <!-- setUpClass -->
        <test-method status="PASS" signature="runScenario(io.cucumber.testng.PickleWrapper,io.cucumber.testng.FeatureWrapper)[pri:0, instance:runner.Run1@365185bd]" name="runScenario" duration-ms="170" started-at="2022-12-29T15:08:55 IST" description="Runs Cucumber Scenarios" data-provider="scenarios" finished-at="2022-12-29T15:08:55 IST">
          <params>
            <param index="0">
              <value>
                <![CDATA["Test the login page with valid details"]]>
              </value>
            </param>
            <param index="1">
              <value>
                <![CDATA["Optional[Test the OrangeHRM application]"]]>
              </value>
            </param>
          </params>
          <reporter-output>
          </reporter-output>
        </test-method> <!-- runScenario -->
        <test-method status="PASS" signature="tearDownClass()[pri:0, instance:runner.Run1@365185bd]" name="tearDownClass" is-config="true" duration-ms="96" started-at="2022-12-29T15:08:55 IST" finished-at="2022-12-29T15:08:55 IST">
          <reporter-output>
          </reporter-output>
        </test-method> <!-- tearDownClass -->
      </class> <!-- runner.Run1 -->
    </test> <!-- Default test -->
  </suite> <!-- Default suite -->
</testng-results>
